分类: 广东频道, 名称: 广东珠江, 有效: 0, IPv4: 7, IPv6: 0, 最小延迟: -1 ms, 最高速率: 0.00 M/s, 平均速率: 0.00 M/s, 最高分辨率: None, 平均帧率: 未知, 视频编解码器: 未知, 音频编解码器: 未知
分类: 广东频道, 名称: 广东体育, 有效: 0, IPv4: 6, IPv6: 0, 最小延迟: -1 ms, 最高速率: 0.00 M/s, 平均速率: 0.00 M/s, 最高分辨率: None, 平均帧率: 未知, 视频编解码器: 未知, 音频编解码器: 未知
分类: 广东频道, 名称: 广东新闻, 有效: 0, IPv4: 5, IPv6: 0, 最小延迟: -1 ms, 最高速率: 0.00 M/s, 平均速率: 0.00 M/s, 最高分辨率: None, 平均帧率: 未知, 视频编解码器: 未知, 音频编解码器: 未知
分类: 广东频道, 名称: 大湾区卫视, 有效: 0, IPv4: 1, IPv6: 0, 最小延迟: -1 ms, 最高速率: 0.00 M/s, 平均速率: 0.00 M/s, 最高分辨率: None, 平均帧率: 未知, 视频编解码器: 未知, 音频编解码器: 未知
分类: 广东频道, 名称: 广东卫视, 有效: 0, IPv4: 9, IPv6: 0, 最小延迟: -1 ms, 最高速率: 0.00 M/s, 平均速率: 0.00 M/s, 最高分辨率: None, 平均帧率: 未知, 视频编解码器: 未知, 音频编解码器: 未知
分类: 广东频道, 名称: 新会综合, 有效: 0, IPv4: 1, IPv6: 0, 最小延迟: -1 ms, 最高速率: 0.00 M/s, 平均速率: 0.00 M/s, 最高分辨率: None, 平均帧率: 未知, 视频编解码器: 未知, 音频编解码器: 未知
分类: 广东频道, 名称: 鹤山综合, 有效: 0, IPv4: 1, IPv6: 0, 最小延迟: -1 ms, 最高速率: 0.00 M/s, 平均速率: 0.00 M/s, 最高分辨率: None, 平均帧率: 未知, 视频编解码器: 未知, 音频编解码器: 未知
分类: 广东频道, 名称: 江门综合, 有效: 0, IPv4: 1, IPv6: 0, 最小延迟: -1 ms, 最高速率: 0.00 M/s, 平均速率: 0.00 M/s, 最高分辨率: None, 平均帧率: 未知, 视频编解码器: 未知, 音频编解码器: 未知
分类: 广东频道, 名称: 江门侨乡生活, 有效: 0, IPv4: 1, IPv6: 0, 最小延迟: -1 ms, 最高速率: 0.00 M/s, 平均速率: 0.00 M/s, 最高分辨率: None, 平均帧率: 未知, 视频编解码器: 未知, 音频编解码器: 未知
分类: 广东频道, 名称: 佛山综合, 有效: 0, IPv4: 1, IPv6: 0, 最小延迟: -1 ms, 最高速率: 0.00 M/s, 平均速率: 0.00 M/s, 最高分辨率: None, 平均帧率: 未知, 视频编解码器: 未知, 音频编解码器: 未知
分类: 广东频道, 名称: 佛山公共, 有效: 0, IPv4: 1, IPv6: 0, 最小延迟: -1 ms, 最高速率: 0.00 M/s, 平均速率: 0.00 M/s, 最高分辨率: None, 平均帧率: 未知, 视频编解码器: 未知, 音频编解码器: 未知
分类: 广东频道, 名称: 佛山影视, 有效: 0, IPv4: 2, IPv6: 0, 最小延迟: -1 ms, 最高速率: 0.00 M/s, 平均速率: 0.00 M/s, 最高分辨率: None, 平均帧率: 未知, 视频编解码器: 未知, 音频编解码器: 未知
分类: 广东频道, 名称: 深圳卫视, 有效: 0, IPv4: 8, IPv6: 0, 最小延迟: -1 ms, 最高速率: 0.00 M/s, 平均速率: 0.00 M/s, 最高分辨率: None, 平均帧率: 未知, 视频编解码器: 未知, 音频编解码器: 未知
分类: 央视频道, 名称: CCTV-1, 有效: 0, IPv4: 8, IPv6: 0, 最小延迟: -1 ms, 最高速率: 0.00 M/s, 平均速率: 0.00 M/s, 最高分辨率: None, 平均帧率: 未知, 视频编解码器: 未知, 音频编解码器: 未知
分类: 央视频道, 名称: CCTV-2, 有效: 0, IPv4: 6, IPv6: 0, 最小延迟: -1 ms, 最高速率: 0.00 M/s, 平均速率: 0.00 M/s, 最高分辨率: None, 平均帧率: 未知, 视频编解码器: 未知, 音频编解码器: 未知
分类: 央视频道, 名称: CCTV-3, 有效: 0, IPv4: 2, IPv6: 0, 最小延迟: -1 ms, 最高速率: 0.00 M/s, 平均速率: 0.00 M/s, 最高分辨率: None, 平均帧率: 未知, 视频编解码器: 未知, 音频编解码器: 未知
分类: 央视频道, 名称: CCTV-4, 有效: 0, IPv4: 7, IPv6: 0, 最小延迟: -1 ms, 最高速率: 0.00 M/s, 平均速率: 0.00 M/s, 最高分辨率: None, 平均帧率: 未知, 视频编解码器: 未知, 音频编解码器: 未知
分类: 央视频道, 名称: CCTV-5, 有效: 0, IPv4: 3, IPv6: 0, 最小延迟: -1 ms, 最高速率: 0.00 M/s, 平均速率: 0.00 M/s, 最高分辨率: None, 平均帧率: 未知, 视频编解码器: 未知, 音频编解码器: 未知
分类: 央视频道, 名称: CCTV-5+, 有效: 0, IPv4: 4, IPv6: 0, 最小延迟: -1 ms, 最高速率: 0.00 M/s, 平均速率: 0.00 M/s, 最高分辨率: None, 平均帧率: 未知, 视频编解码器: 未知, 音频编解码器: 未知
分类: 央视频道, 名称: CCTV-6, 有效: 0, IPv4: 3, IPv6: 0, 最小延迟: -1 ms, 最高速率: 0.00 M/s, 平均速率: 0.00 M/s, 最高分辨率: None, 平均帧率: 未知, 视频编解码器: 未知, 音频编解码器: 未知
分类: 央视频道, 名称: CCTV-7, 有效: 0, IPv4: 5, IPv6: 0, 最小延迟: -1 ms, 最高速率: 0.00 M/s, 平均速率: 0.00 M/s, 最高分辨率: None, 平均帧率: 未知, 视频编解码器: 未知, 音频编解码器: 未知
分类: 央视频道, 名称: CCTV-8, 有效: 0, IPv4: 3, IPv6: 0, 最小延迟: -1 ms, 最高速率: 0.00 M/s, 平均速率: 0.00 M/s, 最高分辨率: None, 平均帧率: 未知, 视频编解码器: 未知, 音频编解码器: 未知
分类: 央视频道, 名称: CCTV-9, 有效: 0, IPv4: 5, IPv6: 0, 最小延迟: -1 ms, 最高速率: 0.00 M/s, 平均速率: 0.00 M/s, 最高分辨率: None, 平均帧率: 未知, 视频编解码器: 未知, 音频编解码器: 未知
分类: 央视频道, 名称: CCTV-10, 有效: 0, IPv4: 4, IPv6: 0, 最小延迟: -1 ms, 最高速率: 0.00 M/s, 平均速率: 0.00 M/s, 最高分辨率: None, 平均帧率: 未知, 视频编解码器: 未知, 音频编解码器: 未知
分类: 央视频道, 名称: CCTV-12, 有效: 0, IPv4: 5, IPv6: 0, 最小延迟: -1 ms, 最高速率: 0.00 M/s, 平均速率: 0.00 M/s, 最高分辨率: None, 平均帧率: 未知, 视频编解码器: 未知, 音频编解码器: 未知
分类: 央视频道, 名称: CCTV-13, 有效: 0, IPv4: 6, IPv6: 0, 最小延迟: -1 ms, 最高速率: 0.00 M/s, 平均速率: 0.00 M/s, 最高分辨率: None, 平均帧率: 未知, 视频编解码器: 未知, 音频编解码器: 未知
分类: 央视频道, 名称: CCTV-14, 有效: 0, IPv4: 5, IPv6: 0, 最小延迟: -1 ms, 最高速率: 0.00 M/s, 平均速率: 0.00 M/s, 最高分辨率: None, 平均帧率: 未知, 视频编解码器: 未知, 音频编解码器: 未知
分类: 央视频道, 名称: CCTV-11, 有效: 0, IPv4: 6, IPv6: 0, 最小延迟: 2997 ms, 最高速率: 0.75 M/s, 平均速率: 0.00 M/s, 最高分辨率: 426x240, 平均帧率: 25.00, 视频编解码器: h264, 音频编解码器: aac
分类: 央视频道, 名称: CCTV-15, 有效: 0, IPv4: 3, IPv6: 0, 最小延迟: -1 ms, 最高速率: 0.00 M/s, 平均速率: 0.00 M/s, 最高分辨率: None, 平均帧率: 未知, 视频编解码器: 未知, 音频编解码器: 未知
分类: 央视频道, 名称: CCTV-16, 有效: 0, IPv4: 5, IPv6: 0, 最小延迟: -1 ms, 最高速率: 0.00 M/s, 平均速率: 0.00 M/s, 最高分辨率: None, 平均帧率: 未知, 视频编解码器: 未知, 音频编解码器: 未知
分类: 央视频道, 名称: CCTV-17, 有效: 0, IPv4: 2, IPv6: 0, 最小延迟: -1 ms, 最高速率: 0.00 M/s, 平均速率: 0.00 M/s, 最高分辨率: None, 平均帧率: 未知, 视频编解码器: 未知, 音频编解码器: 未知
分类: 卫视频道, 名称: 广东卫视, 有效: 0, IPv4: 2, IPv6: 0, 最小延迟: -1 ms, 最高速率: 0.00 M/s, 平均速率: 0.00 M/s, 最高分辨率: None, 平均帧率: 未知, 视频编解码器: 未知, 音频编解码器: 未知
分类: 卫视频道, 名称: 浙江卫视, 有效: 0, IPv4: 12, IPv6: 0, 最小延迟: 1599 ms, 最高速率: 0.41 M/s, 平均速率: 0.00 M/s, 最高分辨率: 1920x1080, 平均帧率: 25.00, 视频编解码器: h264, 音频编解码器: aac
分类: 卫视频道, 名称: 湖南卫视, 有效: 0, IPv4: 7, IPv6: 0, 最小延迟: -1 ms, 最高速率: 0.00 M/s, 平均速率: 0.00 M/s, 最高分辨率: None, 平均帧率: 未知, 视频编解码器: 未知, 音频编解码器: 未知
分类: 卫视频道, 名称: 北京卫视, 有效: 0, IPv4: 7, IPv6: 0, 最小延迟: -1 ms, 最高速率: 0.00 M/s, 平均速率: 0.00 M/s, 最高分辨率: None, 平均帧率: 未知, 视频编解码器: 未知, 音频编解码器: 未知
分类: 卫视频道, 名称: 湖北卫视, 有效: 0, IPv4: 9, IPv6: 0, 最小延迟: -1 ms, 最高速率: 0.00 M/s, 平均速率: 0.00 M/s, 最高分辨率: None, 平均帧率: 未知, 视频编解码器: 未知, 音频编解码器: 未知
分类: 卫视频道, 名称: 黑龙江卫视, 有效: 0, IPv4: 10, IPv6: 0, 最小延迟: -1 ms, 最高速率: 0.00 M/s, 平均速率: 0.00 M/s, 最高分辨率: None, 平均帧率: 未知, 视频编解码器: 未知, 音频编解码器: 未知
分类: 卫视频道, 名称: 安徽卫视, 有效: 0, IPv4: 6, IPv6: 0, 最小延迟: -1 ms, 最高速率: 0.00 M/s, 平均速率: 0.00 M/s, 最高分辨率: None, 平均帧率: 未知, 视频编解码器: 未知, 音频编解码器: 未知
分类: 卫视频道, 名称: 重庆卫视, 有效: 0, IPv4: 6, IPv6: 0, 最小延迟: -1 ms, 最高速率: 0.00 M/s, 平均速率: 0.00 M/s, 最高分辨率: None, 平均帧率: 未知, 视频编解码器: 未知, 音频编解码器: 未知
分类: 卫视频道, 名称: 东方卫视, 有效: 0, IPv4: 6, IPv6: 0, 最小延迟: -1 ms, 最高速率: 0.00 M/s, 平均速率: 0.00 M/s, 最高分辨率: None, 平均帧率: 未知, 视频编解码器: 未知, 音频编解码器: 未知
分类: 卫视频道, 名称: 东南卫视, 有效: 0, IPv4: 6, IPv6: 0, 最小延迟: -1 ms, 最高速率: 0.00 M/s, 平均速率: 0.00 M/s, 最高分辨率: None, 平均帧率: 未知, 视频编解码器: 未知, 音频编解码器: 未知
分类: 卫视频道, 名称: 甘肃卫视, 有效: 0, IPv4: 4, IPv6: 0, 最小延迟: -1 ms, 最高速率: 0.00 M/s, 平均速率: 0.00 M/s, 最高分辨率: None, 平均帧率: 未知, 视频编解码器: 未知, 音频编解码器: 未知
分类: 卫视频道, 名称: 广西卫视, 有效: 0, IPv4: 9, IPv6: 0, 最小延迟: -1 ms, 最高速率: 0.00 M/s, 平均速率: 0.00 M/s, 最高分辨率: None, 平均帧率: 未知, 视频编解码器: 未知, 音频编解码器: 未知
分类: 卫视频道, 名称: 贵州卫视, 有效: 0, IPv4: 7, IPv6: 0, 最小延迟: -1 ms, 最高速率: 0.00 M/s, 平均速率: 0.00 M/s, 最高分辨率: None, 平均帧率: 未知, 视频编解码器: 未知, 音频编解码器: 未知
分类: 卫视频道, 名称: 海南卫视, 有效: 0, IPv4: 5, IPv6: 0, 最小延迟: -1 ms, 最高速率: 0.00 M/s, 平均速率: 0.00 M/s, 最高分辨率: None, 平均帧率: 未知, 视频编解码器: 未知, 音频编解码器: 未知
分类: 卫视频道, 名称: 河北卫视, 有效: 0, IPv4: 7, IPv6: 0, 最小延迟: -1 ms, 最高速率: 0.00 M/s, 平均速率: 0.00 M/s, 最高分辨率: None, 平均帧率: 未知, 视频编解码器: 未知, 音频编解码器: 未知
分类: 卫视频道, 名称: 河南卫视, 有效: 0, IPv4: 6, IPv6: 0, 最小延迟: -1 ms, 最高速率: 0.00 M/s, 平均速率: 0.00 M/s, 最高分辨率: None, 平均帧率: 未知, 视频编解码器: 未知, 音频编解码器: 未知
分类: 卫视频道, 名称: 吉林卫视, 有效: 0, IPv4: 5, IPv6: 0, 最小延迟: -1 ms, 最高速率: 0.00 M/s, 平均速率: 0.00 M/s, 最高分辨率: None, 平均帧率: 未知, 视频编解码器: 未知, 音频编解码器: 未知
分类: 卫视频道, 名称: 江苏卫视, 有效: 0, IPv4: 6, IPv6: 0, 最小延迟: -1 ms, 最高速率: 0.00 M/s, 平均速率: 0.00 M/s, 最高分辨率: None, 平均帧率: 未知, 视频编解码器: 未知, 音频编解码器: 未知
分类: 卫视频道, 名称: 江西卫视, 有效: 0, IPv4: 8, IPv6: 0, 最小延迟: -1 ms, 最高速率: 0.00 M/s, 平均速率: 0.00 M/s, 最高分辨率: None, 平均帧率: 未知, 视频编解码器: 未知, 音频编解码器: 未知
分类: 卫视频道, 名称: 辽宁卫视, 有效: 0, IPv4: 6, IPv6: 0, 最小延迟: -1 ms, 最高速率: 0.00 M/s, 平均速率: 0.00 M/s, 最高分辨率: None, 平均帧率: 未知, 视频编解码器: 未知, 音频编解码器: 未知
分类: 卫视频道, 名称: 内蒙古卫视, 有效: 0, IPv4: 5, IPv6: 0, 最小延迟: -1 ms, 最高速率: 0.00 M/s, 平均速率: 0.00 M/s, 最高分辨率: None, 平均帧率: 未知, 视频编解码器: 未知, 音频编解码器: 未知
分类: 卫视频道, 名称: 宁夏卫视, 有效: 0, IPv4: 6, IPv6: 0, 最小延迟: -1 ms, 最高速率: 0.00 M/s, 平均速率: 0.00 M/s, 最高分辨率: None, 平均帧率: 未知, 视频编解码器: 未知, 音频编解码器: 未知
分类: 卫视频道, 名称: 青海卫视, 有效: 0, IPv4: 10, IPv6: 0, 最小延迟: -1 ms, 最高速率: 0.00 M/s, 平均速率: 0.00 M/s, 最高分辨率: None, 平均帧率: 未知, 视频编解码器: 未知, 音频编解码器: 未知
分类: 卫视频道, 名称: 山东卫视, 有效: 0, IPv4: 7, IPv6: 0, 最小延迟: -1 ms, 最高速率: 0.00 M/s, 平均速率: 0.00 M/s, 最高分辨率: None, 平均帧率: 未知, 视频编解码器: 未知, 音频编解码器: 未知
分类: 卫视频道, 名称: 山西卫视, 有效: 0, IPv4: 9, IPv6: 0, 最小延迟: -1 ms, 最高速率: 0.00 M/s, 平均速率: 0.00 M/s, 最高分辨率: None, 平均帧率: 未知, 视频编解码器: 未知, 音频编解码器: 未知
分类: 卫视频道, 名称: 陕西卫视, 有效: 0, IPv4: 7, IPv6: 0, 最小延迟: -1 ms, 最高速率: 0.00 M/s, 平均速率: 0.00 M/s, 最高分辨率: None, 平均帧率: 未知, 视频编解码器: 未知, 音频编解码器: 未知
分类: 卫视频道, 名称: 四川卫视, 有效: 0, IPv4: 8, IPv6: 0, 最小延迟: -1 ms, 最高速率: 0.00 M/s, 平均速率: 0.00 M/s, 最高分辨率: None, 平均帧率: 未知, 视频编解码器: 未知, 音频编解码器: 未知
分类: 卫视频道, 名称: 三沙卫视, 有效: 0, IPv4: 5, IPv6: 0, 最小延迟: -1 ms, 最高速率: 0.00 M/s, 平均速率: 0.00 M/s, 最高分辨率: None, 平均帧率: 未知, 视频编解码器: 未知, 音频编解码器: 未知
分类: 卫视频道, 名称: 天津卫视, 有效: 0, IPv4: 6, IPv6: 0, 最小延迟: -1 ms, 最高速率: 0.00 M/s, 平均速率: 0.00 M/s, 最高分辨率: None, 平均帧率: 未知, 视频编解码器: 未知, 音频编解码器: 未知
分类: 卫视频道, 名称: 西藏卫视, 有效: 0, IPv4: 7, IPv6: 0, 最小延迟: -1 ms, 最高速率: 0.00 M/s, 平均速率: 0.00 M/s, 最高分辨率: None, 平均帧率: 未知, 视频编解码器: 未知, 音频编解码器: 未知
分类: 卫视频道, 名称: 新疆卫视, 有效: 0, IPv4: 9, IPv6: 0, 最小延迟: -1 ms, 最高速率: 0.00 M/s, 平均速率: 0.00 M/s, 最高分辨率: None, 平均帧率: 未知, 视频编解码器: 未知, 音频编解码器: 未知
分类: 港·澳·台, 名称: 明珠台, 有效: 0, IPv4: 1, IPv6: 0, 最小延迟: -1 ms, 最高速率: 0.00 M/s, 平均速率: 0.00 M/s, 最高分辨率: None, 平均帧率: 未知, 视频编解码器: 未知, 音频编解码器: 未知
分类: 港·澳·台, 名称: 翡翠台, 有效: 0, IPv4: 2, IPv6: 0, 最小延迟: -1 ms, 最高速率: 0.00 M/s, 平均速率: 0.00 M/s, 最高分辨率: None, 平均帧率: 未知, 视频编解码器: 未知, 音频编解码器: 未知
分类: 港·澳·台, 名称: 星河台, 有效: 0, IPv4: 1, IPv6: 0, 最小延迟: -1 ms, 最高速率: 0.00 M/s, 平均速率: 0.00 M/s, 最高分辨率: None, 平均帧率: 未知, 视频编解码器: 未知, 音频编解码器: 未知
分类: 港·澳·台, 名称: 凤凰香港, 有效: 0, IPv4: 1, IPv6: 0, 最小延迟: -1 ms, 最高速率: 0.00 M/s, 平均速率: 0.00 M/s, 最高分辨率: None, 平均帧率: 未知, 视频编解码器: 未知, 音频编解码器: 未知
分类: 港·澳·台, 名称: 凤凰中文, 有效: 0, IPv4: 3, IPv6: 0, 最小延迟: -1 ms, 最高速率: 0.00 M/s, 平均速率: 0.00 M/s, 最高分辨率: None, 平均帧率: 未知, 视频编解码器: 未知, 音频编解码器: 未知
分类: 卫视频道, 名称: 云南卫视, 有效: 0, IPv4: 4, IPv6: 0, 最小延迟: -1 ms, 最高速率: 0.00 M/s, 平均速率: 0.00 M/s, 最高分辨率: None, 平均帧率: 未知, 视频编解码器: 未知, 音频编解码器: 未知
分类: 港·澳·台, 名称: 凤凰资讯, 有效: 1, IPv4: 1, IPv6: 0, 最小延迟: 6310 ms, 最高速率: 0.30 M/s, 平均速率: 0.30 M/s, 最高分辨率: 1280x720, 平均帧率: 25.00, 视频编解码器: h264, 音频编解码器: aac
分类: 港·澳·台, 名称: TVBS新闻, 有效: 0, IPv4: 1, IPv6: 0, 最小延迟: -1 ms, 最高速率: 0.00 M/s, 平均速率: 0.00 M/s, 最高分辨率: None, 平均帧率: 未知, 视频编解码器: 未知, 音频编解码器: 未知
分类: 港·澳·台, 名称: TVBS亚洲, 有效: 5, IPv4: 8, IPv6: 0, 最小延迟: 1525 ms, 最高速率: 0.65 M/s, 平均速率: 0.61 M/s, 最高分辨率: 1920x1080, 平均帧率: 29.97, 视频编解码器: h264, 音频编解码器: aac
分类: 港·澳·台, 名称: TVBS欢乐, 有效: 0, IPv4: 1, IPv6: 0, 最小延迟: -1 ms, 最高速率: 0.00 M/s, 平均速率: 0.00 M/s, 最高分辨率: None, 平均帧率: 未知, 视频编解码器: 未知, 音频编解码器: 未知
